Dec 14 14:59:31 Erased: firewalld-0.4.3.2-8.el7.noarch
Dec 14 14:59:31 Erased: kexec-tools-2.0.7-50.el7.x86_64
Dec 14 14:59:31 Erased: 32:bind-utils-9.9.4-38.el7_3.x86_64
Dec 14 14:59:31 Erased: dracut-network-033-463.el7.x86_64
Dec 14 14:59:32 Erased: 12:dhclient-4.2.5-47.el7.centos.x86_64
Dec 14 14:59:32 Erased: python-firewall-0.4.3.2-8.el7.noarch
Dec 14 14:59:32 Erased: python-slip-dbus-0.4.0-2.el7.noarch
Dec 14 14:59:32 Erased: python-slip-0.4.0-2.el7.noarch
Dec 14 14:59:32 Erased: 12:dhcp-common-4.2.5-47.el7.centos.x86_64
Dec 14 14:59:32 Erased: initscripts-9.49.37-1.el7.x86_64
Dec 14 14:59:32 Erased: iproute-3.10.0-74.el7.x86_64
Dec 14 14:59:32 Erased: iptables-1.4.21-17.el7.x86_64
Dec 14 14:59:32 Erased: libnetfilter_conntrack-1.0.4-2.el7.x86_64
Dec 14 14:59:32 Erased: 32:bind-libs-lite-9.9.4-38.el7_3.x86_64
Dec 14 14:59:32 Erased: 32:bind-libs-9.9.4-38.el7_3.x86_64
Dec 14 14:59:32 Erased: ipset-6.19-6.el7.x86_64
Dec 14 14:59:32 Erased: ipset-libs-6.19-6.el7.x86_64
Dec 14 14:59:32 Erased: less-458-9.el7.x86_64
Dec 14 14:59:32 Erased: e2fsprogs-1.42.9-9.el7.x86_64
Dec 14 14:59:32 Erased: 12:dhcp-libs-4.2.5-47.el7.centos.x86_64
Dec 14 14:59:32 Erased: python-decorator-3.4.0-3.el7.noarch
Dec 14 14:59:33 Erased: firewalld-filesystem-0.4.3.2-8.el7.noarch
Dec 14 14:59:33 Erased: linux-firmware-20160830-49.git7534e19.el7.noarch
Dec 14 14:59:33 Erased: e2fsprogs-libs-1.42.9-9.el7.x86_64
Dec 14 14:59:33 Erased: groff-base-1.22.2-8.el7.x86_64
Dec 14 14:59:33 Erased: libmnl-1.0.3-7.el7.x86_64
Dec 14 14:59:33 Erased: GeoIP-1.5.0-11.el7.x86_64
Dec 14 14:59:33 Erased: libnfnetlink-1.0.1-4.el7.x86_64
Dec 14 14:59:33 Erased: sysvinit-tools-2.88-14.dsf.el7.x86_64
Dec 14 14:59:33 Erased: libselinux-python-2.5-6.el7.x86_64
Dec 14 14:59:33 Erased: 2:ethtool-4.5-3.el7.x86_64
Dec 14 14:59:33 Erased: lzo-2.06-8.el7.x86_64
Dec 14 14:59:33 Erased: snappy-1.1.0-3.el7.x86_64
Dec 14 14:59:33 Erased: ebtables-2.0.10-15.el7.x86_64
Dec 14 14:59:33 Erased: grubby-8.28-18.el7.x86_64
Dec 19 08:17:55 Installed: epel-release-7-6.noarch
Dec 19 08:18:05 Installed: fipscheck-1.4.1-5.el7.x86_64
Dec 19 08:18:05 Installed: fipscheck-lib-1.4.1-5.el7.x86_64
Dec 19 08:18:05 Installed: groff-base-1.22.2-8.el7.x86_64
Dec 19 08:18:05 Installed: 1:perl-parent-0.225-244.el7.noarch
Dec 19 08:18:05 Installed: perl-HTTP-Tiny-0.033-3.el7.noarch
Dec 19 08:18:05 Installed: perl-podlators-2.5.1-3.el7.noarch
Dec 19 08:18:05 Installed: perl-Pod-Perldoc-3.20-4.el7.noarch
Dec 19 08:18:05 Installed: 1:perl-Pod-Escapes-1.04-291.el7.noarch
Dec 19 08:18:06 Installed: perl-Encode-2.51-7.el7.x86_64
Dec 19 08:18:06 Installed: perl-Text-ParseWords-3.29-4.el7.noarch
Dec 19 08:18:06 Installed: perl-Pod-Usage-1.63-3.el7.noarch
Dec 19 08:18:06 Installed: 4:perl-Time-HiRes-1.9725-3.el7.x86_64
Dec 19 08:18:06 Installed: perl-Exporter-5.68-3.el7.noarch
Dec 19 08:18:06 Installed: perl-constant-1.27-2.el7.noarch
Dec 19 08:18:06 Installed: perl-Time-Local-1.2300-2.el7.noarch
Dec 19 08:18:06 Installed: perl-Socket-2.010-4.el7.x86_64
Dec 19 08:18:06 Installed: perl-Carp-1.26-244.el7.noarch
Dec 19 08:18:06 Installed: perl-Storable-2.45-3.el7.x86_64
Dec 19 08:18:06 Installed: perl-PathTools-3.40-5.el7.x86_64
Dec 19 08:18:06 Installed: perl-Scalar-List-Utils-1.27-248.el7.x86_64
Dec 19 08:18:06 Installed: 4:perl-libs-5.16.3-291.el7.x86_64
Dec 19 08:18:06 Installed: 4:perl-macros-5.16.3-291.el7.x86_64
Dec 19 08:18:06 Installed: 1:perl-Pod-Simple-3.28-4.el7.noarch
Dec 19 08:18:06 Installed: perl-File-Temp-0.23.01-3.el7.noarch
Dec 19 08:18:06 Installed: perl-File-Path-2.09-2.el7.noarch
Dec 19 08:18:07 Installed: perl-threads-shared-1.43-6.el7.x86_64
Dec 19 08:18:07 Installed: perl-threads-1.87-4.el7.x86_64
Dec 19 08:18:07 Installed: perl-Filter-1.49-3.el7.x86_64
Dec 19 08:18:07 Installed: perl-Getopt-Long-2.40-2.el7.noarch
Dec 19 08:18:09 Installed: 4:perl-5.16.3-291.el7.x86_64
Dec 19 08:18:09 Installed: 1:perl-Error-0.17020-2.el7.noarch
Dec 19 08:18:09 Installed: perl-TermReadKey-2.30-20.el7.x86_64
Dec 19 08:18:09 Installed: less-458-9.el7.x86_64
Dec 19 08:18:09 Installed: openssh-6.6.1p1-31.el7.x86_64
Dec 19 08:18:09 Installed: rsync-3.0.9-17.el7.x86_64
Dec 19 08:18:09 Installed: python2-pyasn1-0.1.9-7.el7.noarch
Dec 19 08:18:09 Installed: libtommath-0.42.0-4.el7.x86_64
Dec 19 08:18:10 Installed: libtomcrypt-1.17-23.el7.x86_64
Dec 19 08:18:10 Installed: python2-crypto-2.6.1-10.el7.x86_64
Dec 19 08:18:10 Installed: libedit-3.0-12.20121213cvs.el7.x86_64
Dec 19 08:18:10 Installed: openssh-clients-6.6.1p1-31.el7.x86_64
Dec 19 08:18:10 Installed: libyaml-0.1.4-11.el7_0.x86_64
Dec 19 08:18:10 Installed: libgnome-keyring-3.8.0-3.el7.x86_64
Dec 19 08:18:10 Installed: perl-Git-1.8.3.1-6.el7_2.1.noarch
Dec 19 08:18:11 Installed: git-1.8.3.1-6.el7_2.1.x86_64
Dec 19 08:18:11 Installed: python-backports-1.0-8.el7.x86_64
Dec 19 08:18:12 Installed: python-backports-ssl_match_hostname-3.4.0.2-4.el7.noarch
Dec 19 08:18:12 Installed: python-setuptools-0.9.8-4.el7.noarch
Dec 19 08:18:12 Installed: python-markupsafe-0.11-10.el7.x86_64
Dec 19 08:18:12 Installed: python-six-1.9.0-2.el7.noarch
Dec 19 08:18:12 Installed: python2-ecdsa-0.13-4.el7.noarch
Dec 19 08:18:12 Installed: python-babel-0.9.6-8.el7.noarch
Dec 19 08:18:13 Installed: python-jinja2-2.7.2-2.el7.noarch
Dec 19 08:18:13 Installed: python2-paramiko-1.16.1-1.el7.noarch
Dec 19 08:18:13 Installed: python2-pip-8.1.2-5.el7.noarch
Dec 19 08:18:14 Installed: PyYAML-3.10-11.el7.x86_64
Dec 19 08:18:14 Installed: python-keyczar-0.71c-2.el7.noarch
Dec 19 08:18:14 Installed: python-httplib2-0.7.7-3.el7.noarch
Jul 28 18:23:44 Updated: perl-Git-1.8.3.1-14.el7_5.noarch
Jul 28 18:23:45 Updated: git-1.8.3.1-14.el7_5.x86_64
